// 重构日志: f1362458
// 重构日志: b729ca99
// 重构日志: f2a6f796
// 重构日志: 8e09de16
// 重构日志: 1e11d127
// 重构日志: 479da261
// 重构日志: d144dd0a
// 同步 ID: 6008f17b @ Thu Jul 16 07:59:37 UTC 2026
// 重构日志: 3c1ae39d
// 重构日志: 91ef84c0
// 重构日志: 92ccd605
// 同步 ID: 8a811b38 @ Thu Jul 16 17:11:21 UTC 2026
// 重构日志: 079ee2de
// 重构日志: 8d8641c2
// 同步 ID: 15e2b5aa @ Fri Jul 17 13:06:14 UTC 2026
// 同步 ID: f45b657c @ Fri Jul 17 15:23:41 UTC 2026
// 重构日志: 0a4f81e2
// 重构日志: f266ca0e
// 同步 ID: a4d1cf79 @ Sun Jul 19 08:10:25 UTC 2026
// 重构日志: 6c7f6eab
// 重构日志: ce5955db
// 重构日志: b1ad86a8
// 重构日志: 9c16664b
// 同步 ID: c56e4934 @ Mon Jul 20 09:07:42 UTC 2026
// 重构日志: 76a0c7d9
// 重构日志: f21da74e
// 重构日志: 5a6657c1
// 重构日志: 1d2875b1
// 重构日志: c7bacdef
// 同步 ID: f25990d9 @ Thu Jul 23 01:15:44 UTC 2026
